$test0.5.mp4
2.8580241203308105
3.630276918411255
2.839512348175049
2.8390612602233887
2.8450980186462402
$test3.mp4
4.904195547103882
4.904773712158203
4.141936779022217
5.286161184310913
4.90643835067749
$test5.mp4
6.978079557418823
5.348021507263184
7.252427101135254
6.190253496170044
6.91027569770813
$test11.mp4
9.442049503326416
27.769492626190186
17.826223850250244
12.175825834274292
11.452833652496338
$test12.mp4
16.953310251235962
13.376243591308594
11.771190643310547
8.035751104354858
8.616247177124023
$test20.mp4
17.4592502117157
23.349679946899414
25.031121492385864
27.936416387557983
24.630927085876465
$test36.mp4
60.90468144416809
33.41719388961792
32.35606861114502
41.77179002761841
47.86117458343506
$test66.mp4
69.71534824371338
66.11657691001892
77.4106969833374
67.19239521026611
80.8807520866394
