$www.google.com
1.659090280532837
1.2084648609161377
1.207151174545288
1.2077784538269043
1.2079010009765625
1.2073214054107666
1.2076363563537598
1.207711935043335
1.208244800567627
1.207519292831421
$www.facebook.com
1.6109628677368164
1.6112146377563477
1.6146197319030762
1.6130523681640625
1.6115169525146484
1.6110713481903076
1.6108207702636719
1.6111011505126953
1.6109533309936523
1.611595630645752
$www.yahoo.com
4.449519157409668
6.840285062789917
4.433871030807495
3.223670482635498
3.272401809692383
3.6552515029907227
3.241971969604492
2.8802406787872314
3.277691602706909
2.869352102279663
$www.wikipedia.org
1.6317214965820312
1.6161088943481445
1.6174685955047607
1.6174099445343018
1.6162066459655762
1.617065191268921
1.6199860572814941
1.616919994354248
1.6168560981750488
1.620018482208252
$www.amazon.com
2.8339061737060547
2.83646297454834
2.8419687747955322
2.8362278938293457
2.841080665588379
2.8369669914245605
2.837563991546631
2.839651107788086
2.840790271759033
2.835644483566284
$www.bing.com
2.0155177116394043
2.013014078140259
2.0146732330322266
2.013453960418701
2.012983560562134
2.015580892562866
2.01351261138916
2.013918876647949
2.0129942893981934
2.0132462978363037
$www.twitter.com
2.021951913833618
2.0235884189605713
2.026118516921997
2.024329900741577
2.0214929580688477
2.0242295265197754
2.0228726863861084
2.024308681488037
2.0212924480438232
2.025397300720215
$www.reddit.com
3.2910683155059814
3.6874377727508545
3.29167103767395
4.038820266723633
3.623711585998535
3.2936739921569824
3.271836996078491
3.263643980026245
3.258481025695801
3.625213623046875
$www.linkedin.com
2.0173749923706055
2.0172464847564697
2.017197370529175
2.016940116882324
2.016134023666382
2.0173583030700684
2.016305685043335
2.01605486869812
2.0181972980499268
2.0177369117736816
$www.ebay.com
2.8238461017608643
2.821192741394043
4.847907543182373
2.821697235107422
2.821727752685547
2.821537733078003
2.8219246864318848
2.821993589401245
2.82080340385437
2.8219316005706787
$www.instagram.com
1.6130235195159912
1.6111345291137695
1.6117513179779053
1.6103668212890625
1.6113567352294922
1.6114728450775146
1.6139907836914062
1.6105625629425049
1.611403465270996
1.6115336418151855
$www.craigslist.org
1.612720251083374
1.6133551597595215
1.6120514869689941
1.612788200378418
1.6131856441497803
1.6119530200958252
1.6125776767730713
1.6131775379180908
1.6126165390014648
1.613267183303833
$www.tumblr.com
2.0172910690307617
2.0190911293029785
2.018634796142578
2.016988515853882
2.0170600414276123
2.0177924633026123
2.0209059715270996
2.016432285308838
2.0165679454803467
2.0173873901367188
$www.paypal.com
2.4193599224090576
2.4185752868652344
2.419187068939209
3.2238752841949463
2.418833017349243
2.422380208969116
2.422851324081421
2.4199936389923096
2.4204254150390625
2.4201347827911377
$www.cnn.com
4.0498504638671875
3.3039190769195557
3.2998390197753906
3.6488709449768066
3.302734375
3.2915565967559814
3.6527278423309326
3.6246213912963867
4.453579425811768
10.588766098022461
$www.nytimes.com
3.7010624408721924
7.265341520309448
3.7716352939605713
3.7628653049468994
4.839271306991577
4.486469745635986
3.708911180496216
3.7144899368286133
3.70310115814209
3.700134038925171
$www.imbd.com
1.2221784591674805
1.2137362957000732
1.2122972011566162
1.2135162353515625
1.2128403186798096
1.2124528884887695
1.2125296592712402
1.2138712406158447
1.2132568359375
1.2131011486053467
$www.espn.com
3.2226922512054443
3.2290053367614746
3.224064350128174
3.2379038333892822
3.2599408626556396
3.239657163619995
3.2404308319091797
3.2395713329315186
3.2409026622772217
3.223585844039917
$www.office.com
2.415447473526001
2.4199235439300537
2.415884017944336
2.4218332767486572
2.4155566692352295
2.415811777114868
2.415598154067993
2.41550612449646
2.4163317680358887
2.4196255207061768
$www.dropbox.com
2.882951021194458
2.8955323696136475
2.8914713859558105
4.054519414901733
2.892427682876587
2.892357587814331
3.2571535110473633
3.2416114807128906
2.8779585361480713
2.8848490715026855
$www.purdue.edu
2.018839120864868
2.0120723247528076
2.0120389461517334
2.0115878582000732
2.012495756149292
2.0118439197540283
2.0119738578796387
2.0121066570281982
2.0118918418884277
2.0115480422973633
