www.facebook.com
4.249
3.113
3.115
3.117
3.118
3.119
3.113
3.114
3.11
3.114
www.wikipedia.org
3.297
3.305
3.304
3.295
3.293
3.301
3.298
3.299
3.295
3.3
www.tumblr.com
4.071
4.063
4.072
4.061
4.067
4.064
4.064
4.073
4.064
4.06
www.office.com
4.335
4.331
4.352
4.327
4.331
4.342
4.325
4.33
4.34
4.33
www.espn.com
6.149
6.151
6.159
6.164
6.158
6.156
6.166
6.156
6.152
6.146
www.paypal.com
4.38
4.385
4.384
4.384
4.386
4.385
4.383
4.39
4.382
4.381
www.bing.com
3.454
3.451
3.453
3.46
3.454
3.45
3.451
3.447
3.444
3.454
www.nytimes.com
7.738
6.848
7.774
6.965
6.952
7.691
7.048
6.928
6.944
8.978
www.reddit.com
6.279
6.281
6.278
6.286
6.296
6.295
6.295
6.759
6.292
6.294
www.linkedin.com
3.552
3.547
3.545
3.546
3.553
3.552
3.55
3.541
3.545
3.551
www.craigslist.org
3.192
3.168
3.169
3.172
3.168
3.163
3.168
3.165
3.164
3.166
www.ebay.com
5.28
5.285
5.279
5.275
5.274
5.282
5.278
5.286
5.275
5.286
www.google.com
2.194
2.196
2.195
2.196
2.195
2.195
2.196
2.195
2.204
2.196
www.instagram.com
3.111
3.109
3.11
3.108
3.108
3.116
3.116
3.112
3.121
3.116
www.yahoo.com
5.611
5.632
5.61
5.631
5.607
5.622
5.614
5.626
5.573
5.623
www.dropbox.com
5.745
5.719
5.726
5.726
5.72
5.722
5.73
5.725
5.72
5.722
www.cnn.com
6.374
6.398
7.369
6.378
6.394
6.377
6.373
6.375
6.38
6.332
www.purdue.edu
3.42
3.421
3.425
3.433
3.418
3.415
3.418
3.421
3.423
3.436
www.twitter.com
3.668
3.671
3.66
3.67
3.673
3.674
3.669
3.669
3.67
3.67
