www.facebook.com
1.719
1.274
1.285
1.268
1.273
1.271
1.278
1.272
1.264
1.275
www.wikipedia.org
1.356
1.354
1.342
1.343
1.342
1.348
1.34
1.35
1.347
1.343
www.tumblr.com
1.664
1.662
1.658
1.664
1.662
1.66
1.663
1.661
1.662
1.662
www.office.com
1.773
1.772
1.772
1.772
1.773
1.769
1.793
1.784
1.772
1.787
www.espn.com
2.544
2.525
2.524
2.524
2.523
2.553
2.56
2.541
2.56
2.531
www.paypal.com
1.791
1.791
1.791
1.78
1.791
1.79
1.807
1.794
1.796
1.803
www.bing.com
1.406
1.409
1.405
1.403
1.408
1.406
1.408
1.404
1.409
1.413
www.nytimes.com
3.481
3.399
3.166
3.496
3.263
3.086
3.137
3.055
3.113
3.066
www.reddit.com
2.592
2.593
2.58
2.774
2.603
2.791
2.602
2.607
2.59
2.576
www.linkedin.com
1.456
1.444
1.446
1.443
1.45
1.442
1.45
1.445
1.445
1.448
www.craigslist.org
1.287
1.288
1.286
1.288
1.288
1.287
1.287
1.29
1.286
1.297
www.ebay.com
2.158
2.159
2.161
2.146
2.161
2.168
2.153
2.168
2.163
2.173
www.google.com
0.888
0.89
0.888
0.892
0.887
0.889
0.887
0.886
0.888
0.887
www.instagram.com
1.266
1.268
1.268
1.271
1.276
1.27
1.268
1.263
1.263
1.278
www.yahoo.com
2.294
2.291
2.301
2.302
2.294
2.294
2.307
2.294
2.308
2.618
www.dropbox.com
2.346
2.35
2.35
2.34
2.77
2.627
2.344
2.569
2.641
2.346
www.cnn.com
2.618
2.666
2.648
2.693
2.663
2.665
2.762
2.66
2.989
2.758
www.purdue.edu
1.401
1.39
1.396
1.403
1.413
1.394
1.398
1.393
1.394
1.391
www.twitter.com
1.496
1.49
1.488
1.495
1.494
1.489
1.488
1.493
1.491
1.495
