$test0.5.mp4
2.85878849029541
2.8400938510894775
2.8836004734039307
2.8419570922851562
2.8431527614593506
$test3.mp4
4.900407552719116
5.293623208999634
5.320039510726929
5.320282459259033
4.13579535484314
$test5.mp4
7.7377097606658936
6.045236825942993
5.399316787719727
7.692591428756714
5.3621063232421875
$test11.mp4
8.72698450088501
9.713714361190796
14.919444561004639
14.186530590057373
13.783698558807373
$test12.mp4
12.22402811050415
19.460962772369385
14.128577709197998
16.958319902420044
13.497161149978638
$test20.mp4
17.02338218688965
22.883061170578003
25.137033224105835
22.965226888656616
19.087869882583618
$test36.mp4
33.11908769607544
37.08217430114746
32.38503122329712
30.31659722328186
30.42688512802124
$test66.mp4
54.766260862350464
95.35449767112732
58.643818378448486
68.34158849716187
84.8990752696991