$test0.5.mp4
8.109140157699585
7.060838937759399
7.061618804931641
7.060603380203247
7.0781145095825195
7.060846328735352
7.061342239379883
7.0798962116241455
7.0607750415802
7.061220407485962
$test3.mp4
18.16283941268921
12.170702695846558
13.083750486373901
12.161054611206055
14.16228199005127
12.15932583808899
13.088155508041382
12.199357509613037
12.161303758621216
19.17568278312683
$test5.mp4
28.226377964019775
21.104073762893677
23.14368486404419
16.26479458808899
20.08269953727722
22.12449073791504
29.248772859573364
22.08907437324524
20.134006023406982
16.269827842712402
$test11.mp4
22.484655380249023
26.242990255355835
27.57744789123535
24.356778860092163
34.14887309074402
42.27524781227112
21.62526559829712
32.230035066604614
31.171087741851807
32.18179130554199
$test12.mp4
35.383827924728394
21.467500686645508
21.84791588783264
26.148165941238403
25.37288236618042
30.119176387786865
39.24330401420593
24.396462440490723
21.26155114173889
27.415755033493042
$test20.mp4
38.268720388412476
49.25506854057312
30.225285291671753
34.35862946510315
40.34191536903381
60.26576566696167
25.837870121002197
38.66204333305359
39.16317820549011
53.320860624313354
$test36.mp4
59.45767021179199
79.47089838981628
46.340766191482544
36.08850431442261
39.58330821990967
77.32426595687866
41.19579267501831
45.6585168838501
60.337345600128174
58.57476878166199
$test66.mp4
105.60185432434082
103.5645022392273
80.27440476417542
113.398686170578
55.89351034164429
90.71670055389404
134.33373093605042
73.99385023117065
95.10321998596191
71.66441488265991
