$www.google.com
3.0233988761901855
3.007657527923584
3.0074899196624756
3.007416009902954
3.0074121952056885
3.0080885887145996
3.0073957443237305
3.0078201293945312
3.010283946990967
3.0076332092285156
$www.facebook.com
4.012150526046753
4.011788368225098
4.01180362701416
4.012160062789917
4.011900901794434
4.012015342712402
4.011826992034912
4.011959791183472
4.0125343799591064
4.012517929077148
$www.yahoo.com
7.122568607330322
7.119497776031494
7.122103691101074
7.119223356246948
7.123512029647827
7.119537115097046
7.119745492935181
8.082005262374878
7.11854100227356
7.119653224945068
$www.wikipedia.org
4.024791479110718
4.022680759429932
4.023252487182617
4.02302098274231
4.022647380828857
4.022738695144653
4.022731781005859
4.022610187530518
4.025813817977905
4.02386212348938
$www.bing.com
5.013804912567139
5.013937711715698
5.013789415359497
5.013455629348755
5.01334285736084
5.012831926345825
5.013323783874512
5.013201475143433
5.012880802154541
5.013587474822998
$www.twitter.com
5.031320333480835
5.0321643352508545
5.031803846359253
5.031869173049927
5.036893367767334
5.031991481781006
5.031296730041504
5.031898498535156
5.031771659851074
5.031834363937378
$www.reddit.com
8.118396759033203
8.117183685302734
8.117839813232422
8.118724346160889
9.154464960098267
8.119263410568237
8.117094278335571
8.11795949935913
8.117950677871704
8.122358560562134
$www.linkedin.com
5.020457983016968
5.020691156387329
5.020559787750244
5.020174980163574
5.020336389541626
5.020642042160034
5.020594596862793
5.020178318023682
5.020610809326172
5.0224690437316895
$www.ebay.com
7.024698495864868
7.0254271030426025
7.025015592575073
7.025110960006714
7.025097370147705
7.0241782665252686
7.025025844573975
7.0371057987213135
7.025173187255859
7.037297487258911
$www.instagram.com
4.012439966201782
4.01221776008606
4.01207709312439
4.011798143386841
4.011854887008667
4.012145519256592
4.012030124664307
4.012279272079468
4.011942148208618
4.011939287185669
$www.craigslist.org
4.014968633651733
4.014913320541382
4.015432596206665
4.015047788619995
4.015087842941284
4.014645576477051
4.015856504440308
4.014604091644287
4.015988826751709
4.015193939208984
$www.tumblr.com
5.019990921020508
5.0200114250183105
5.020221710205078
5.020097732543945
5.019963502883911
5.019869804382324
5.019922494888306
5.02002739906311
5.020180940628052
5.020714521408081
$www.paypal.com
6.023403882980347
6.02313756942749
6.023446798324585
6.0234692096710205
6.023242235183716
6.02342677116394
6.026657819747925
6.023312330245972
6.029792547225952
6.023222208023071
$www.cnn.com
10.076263904571533
8.170606851577759
8.17091965675354
9.021511554718018
8.173281192779541
8.169714212417603
8.1701021194458
8.183268308639526
8.170137643814087
8.169399738311768
$www.nytimes.com
11.151862144470215
9.187779903411865
9.179497718811035
9.181377172470093
9.179996252059937
9.180050373077393
9.17975902557373
9.180250883102417
9.18016505241394
17.085313320159912
$www.espn.com
8.056869745254517
8.057186603546143
8.056689500808716
8.064454078674316
8.057506561279297
8.056777477264404
8.056520700454712
8.057971000671387
8.056376934051514
8.056936740875244
$www.office.com
6.016393184661865
6.0158398151397705
6.016002416610718
6.016326904296875
6.015882968902588
6.015733480453491
6.040694713592529
6.017162561416626
6.017244100570679
6.016895532608032
$www.dropbox.com
7.163482666015625
7.157555818557739
7.157624244689941
7.15724778175354
7.157270431518555
7.1581871509552
7.157222509384155
7.157845735549927
7.160257339477539
7.157231569290161
$www.purdue.edu
5.01165246963501
5.011721611022949
5.0116963386535645
5.011895179748535
5.011720180511475
5.011883974075317
5.011546850204468
5.011800050735474
5.011819362640381
5.011794805526733
